16619.3617275
* number of parameters: 325871
begin training
| end of epoch   1 | time:  3.94s | train_loss 1068.3681 | valid rse 0.1741 | valid rae 0.1149 | valid corr  0.7012
| end of epoch   2 | time:  3.92s | train_loss 428.7611 | valid rse 0.1146 | valid rae 0.0900 | valid corr  0.7977
| end of epoch   3 | time:  3.88s | train_loss 317.4223 | valid rse 0.1012 | valid rae 0.0716 | valid corr  0.8363
| end of epoch   4 | time:  3.63s | train_loss 265.8952 | valid rse 0.0837 | valid rae 0.0629 | valid corr  0.8513
| end of epoch   5 | time:  3.75s | train_loss 242.3420 | valid rse 0.0804 | valid rae 0.0595 | valid corr  0.8581
test rse 0.1323 | test rae 0.0737 | test corr 0.8676
| end of epoch   6 | time:  3.72s | train_loss 229.2139 | valid rse 0.0830 | valid rae 0.0575 | valid corr  0.8653
| end of epoch   7 | time:  3.88s | train_loss 219.1673 | valid rse 0.0766 | valid rae 0.0553 | valid corr  0.8700
| end of epoch   8 | time:  3.85s | train_loss 212.2054 | valid rse 0.0725 | valid rae 0.0523 | valid corr  0.8770
| end of epoch   9 | time:  3.70s | train_loss 205.3572 | valid rse 0.0724 | valid rae 0.0515 | valid corr  0.8848
| end of epoch  10 | time:  3.91s | train_loss 199.9172 | valid rse 0.0717 | valid rae 0.0504 | valid corr  0.8861
test rse 0.1143 | test rae 0.0626 | test corr 0.8938
| end of epoch  11 | time:  3.57s | train_loss 196.1772 | valid rse 0.0691 | valid rae 0.0493 | valid corr  0.8891
| end of epoch  12 | time:  3.86s | train_loss 192.9581 | valid rse 0.0694 | valid rae 0.0491 | valid corr  0.8921
| end of epoch  13 | time:  3.41s | train_loss 191.5018 | valid rse 0.0702 | valid rae 0.0486 | valid corr  0.8921
| end of epoch  14 | time:  3.79s | train_loss 187.8394 | valid rse 0.0674 | valid rae 0.0480 | valid corr  0.8955
| end of epoch  15 | time:  3.75s | train_loss 187.7393 | valid rse 0.0699 | valid rae 0.0484 | valid corr  0.8971
test rse 0.1006 | test rae 0.0576 | test corr 0.9043
| end of epoch  16 | time:  3.17s | train_loss 184.7716 | valid rse 0.0706 | valid rae 0.0489 | valid corr  0.8970
| end of epoch  17 | time:  3.13s | train_loss 183.3198 | valid rse 0.0661 | valid rae 0.0464 | valid corr  0.8983
| end of epoch  18 | time:  3.57s | train_loss 180.9736 | valid rse 0.0679 | valid rae 0.0470 | valid corr  0.9006
| end of epoch  19 | time:  3.64s | train_loss 181.2575 | valid rse 0.0654 | valid rae 0.0455 | valid corr  0.8993
| end of epoch  20 | time:  3.67s | train_loss 179.7292 | valid rse 0.0658 | valid rae 0.0458 | valid corr  0.9009
test rse 0.0995 | test rae 0.0549 | test corr 0.9089
| end of epoch  21 | time:  3.44s | train_loss 178.6148 | valid rse 0.0763 | valid rae 0.0503 | valid corr  0.9015
| end of epoch  22 | time:  3.30s | train_loss 180.3021 | valid rse 0.0654 | valid rae 0.0453 | valid corr  0.8985
| end of epoch  23 | time:  3.86s | train_loss 177.3840 | valid rse 0.0673 | valid rae 0.0459 | valid corr  0.9021
| end of epoch  24 | time:  3.48s | train_loss 178.0393 | valid rse 0.0653 | valid rae 0.0454 | valid corr  0.9029
| end of epoch  25 | time:  4.06s | train_loss 179.1711 | valid rse 0.0655 | valid rae 0.0452 | valid corr  0.9033
test rse 0.1001 | test rae 0.0552 | test corr 0.9094
| end of epoch  26 | time:  3.93s | train_loss 177.6643 | valid rse 0.0647 | valid rae 0.0452 | valid corr  0.9029
| end of epoch  27 | time:  3.88s | train_loss 176.5330 | valid rse 0.0647 | valid rae 0.0445 | valid corr  0.9045
| end of epoch  28 | time:  3.83s | train_loss 175.6206 | valid rse 0.0674 | valid rae 0.0466 | valid corr  0.9025
| end of epoch  29 | time:  3.76s | train_loss 175.1742 | valid rse 0.0647 | valid rae 0.0447 | valid corr  0.9042
| end of epoch  30 | time:  3.54s | train_loss 173.4820 | valid rse 0.0642 | valid rae 0.0444 | valid corr  0.9058
test rse 0.1007 | test rae 0.0546 | test corr 0.9088
| end of epoch  31 | time:  3.92s | train_loss 175.8207 | valid rse 0.0648 | valid rae 0.0442 | valid corr  0.9050
| end of epoch  32 | time:  3.35s | train_loss 173.6248 | valid rse 0.0680 | valid rae 0.0467 | valid corr  0.9037
| end of epoch  33 | time:  3.62s | train_loss 173.6816 | valid rse 0.0682 | valid rae 0.0462 | valid corr  0.9046
| end of epoch  34 | time:  3.91s | train_loss 172.8124 | valid rse 0.0644 | valid rae 0.0440 | valid corr  0.9068
| end of epoch  35 | time:  3.31s | train_loss 173.6730 | valid rse 0.0641 | valid rae 0.0440 | valid corr  0.9064
test rse 0.0980 | test rae 0.0539 | test corr 0.9100
| end of epoch  36 | time:  3.83s | train_loss 174.2999 | valid rse 0.0640 | valid rae 0.0444 | valid corr  0.9058
| end of epoch  37 | time:  3.38s | train_loss 175.2028 | valid rse 0.0649 | valid rae 0.0449 | valid corr  0.9071
| end of epoch  38 | time:  3.34s | train_loss 173.0079 | valid rse 0.0632 | valid rae 0.0442 | valid corr  0.9070
| end of epoch  39 | time:  3.59s | train_loss 174.2478 | valid rse 0.0626 | valid rae 0.0432 | valid corr  0.9080
| end of epoch  40 | time:  3.82s | train_loss 171.6510 | valid rse 0.0644 | valid rae 0.0450 | valid corr  0.9080
test rse 0.0974 | test rae 0.0538 | test corr 0.9105
| end of epoch  41 | time:  3.24s | train_loss 172.3562 | valid rse 0.0622 | valid rae 0.0433 | valid corr  0.9062
| end of epoch  42 | time:  3.21s | train_loss 172.1764 | valid rse 0.0631 | valid rae 0.0443 | valid corr  0.9075
| end of epoch  43 | time:  3.49s | train_loss 172.4240 | valid rse 0.0647 | valid rae 0.0451 | valid corr  0.9073
| end of epoch  44 | time:  3.79s | train_loss 170.6837 | valid rse 0.0680 | valid rae 0.0468 | valid corr  0.9083
| end of epoch  45 | time:  3.58s | train_loss 172.2308 | valid rse 0.0652 | valid rae 0.0455 | valid corr  0.9045
test rse 0.1000 | test rae 0.0571 | test corr 0.8989
| end of epoch  46 | time:  3.51s | train_loss 169.5172 | valid rse 0.0652 | valid rae 0.0441 | valid corr  0.9088
| end of epoch  47 | time:  3.22s | train_loss 170.3822 | valid rse 0.0617 | valid rae 0.0428 | valid corr  0.9096
| end of epoch  48 | time:  3.93s | train_loss 173.0543 | valid rse 0.0684 | valid rae 0.0461 | valid corr  0.9084
| end of epoch  49 | time:  3.71s | train_loss 171.8511 | valid rse 0.0770 | valid rae 0.0522 | valid corr  0.9068
| end of epoch  50 | time:  3.70s | train_loss 172.0689 | valid rse 0.0668 | valid rae 0.0450 | valid corr  0.9083
test rse 0.0971 | test rae 0.0537 | test corr 0.9098
| end of epoch  51 | time:  3.45s | train_loss 170.1199 | valid rse 0.0643 | valid rae 0.0437 | valid corr  0.9086
| end of epoch  52 | time:  3.78s | train_loss 171.6483 | valid rse 0.0637 | valid rae 0.0445 | valid corr  0.9080
| end of epoch  53 | time:  3.47s | train_loss 170.2867 | valid rse 0.0635 | valid rae 0.0440 | valid corr  0.9056
| end of epoch  54 | time:  3.83s | train_loss 169.4272 | valid rse 0.0653 | valid rae 0.0462 | valid corr  0.9098
| end of epoch  55 | time:  3.35s | train_loss 168.6437 | valid rse 0.0652 | valid rae 0.0454 | valid corr  0.9052
test rse 0.0996 | test rae 0.0559 | test corr 0.9033
| end of epoch  56 | time:  3.68s | train_loss 170.9113 | valid rse 0.0785 | valid rae 0.0512 | valid corr  0.9021
| end of epoch  57 | time:  3.40s | train_loss 167.9475 | valid rse 0.0663 | valid rae 0.0457 | valid corr  0.9079
| end of epoch  58 | time:  3.88s | train_loss 169.9509 | valid rse 0.0641 | valid rae 0.0431 | valid corr  0.9091
| end of epoch  59 | time:  3.65s | train_loss 168.0408 | valid rse 0.0621 | valid rae 0.0436 | valid corr  0.9072
| end of epoch  60 | time:  3.25s | train_loss 169.5619 | valid rse 0.0641 | valid rae 0.0458 | valid corr  0.9056
test rse 0.1004 | test rae 0.0571 | test corr 0.8976
| end of epoch  61 | time:  3.20s | train_loss 167.9663 | valid rse 0.0644 | valid rae 0.0441 | valid corr  0.9069
| end of epoch  62 | time:  3.67s | train_loss 168.1678 | valid rse 0.0616 | valid rae 0.0429 | valid corr  0.9079
| end of epoch  63 | time:  3.69s | train_loss 168.1767 | valid rse 0.0686 | valid rae 0.0457 | valid corr  0.9092
| end of epoch  64 | time:  3.43s | train_loss 167.6412 | valid rse 0.0643 | valid rae 0.0444 | valid corr  0.9083
| end of epoch  65 | time:  3.64s | train_loss 170.2594 | valid rse 0.0777 | valid rae 0.0495 | valid corr  0.9079
test rse 0.1013 | test rae 0.0561 | test corr 0.9101main.py:45: RuntimeWarning: invalid value encountered in true_divide
  correlation = ((predict - mean_p) * (Ytest - mean_g)).mean(axis = 0)/(sigma_p * sigma_g);
/wrk/models/LSTNet.py:45: UserWarning: RNN module weights are not part of single contiguous chunk of memory. This means they need to be compacted at every call, possibly greately increasing memory usage. To compact weights again call flatten_parameters().
  _, r = self.GRU1(r);
/wrk/models/LSTNet.py:56: UserWarning: RNN module weights are not part of single contiguous chunk of memory. This means they need to be compacted at every call, possibly greately increasing memory usage. To compact weights again call flatten_parameters().
  _, s = self.GRUskip(s);

| end of epoch  66 | time:  3.53s | train_loss 165.8075 | valid rse 0.0735 | valid rae 0.0485 | valid corr  0.9023
| end of epoch  67 | time:  3.89s | train_loss 168.7308 | valid rse 0.0738 | valid rae 0.0472 | valid corr  0.9071
| end of epoch  68 | time:  3.45s | train_loss 167.7720 | valid rse 0.0661 | valid rae 0.0462 | valid corr  0.9017
| end of epoch  69 | time:  3.66s | train_loss 164.8534 | valid rse 0.0710 | valid rae 0.0476 | valid corr  0.9070
| end of epoch  70 | time:  3.85s | train_loss 164.8880 | valid rse 0.0669 | valid rae 0.0443 | valid corr  0.9099
test rse 0.0982 | test rae 0.0544 | test corr 0.9078
| end of epoch  71 | time:  3.86s | train_loss 165.4486 | valid rse 0.0739 | valid rae 0.0485 | valid corr  0.9086
| end of epoch  72 | time:  3.74s | train_loss 167.8435 | valid rse 0.0669 | valid rae 0.0446 | valid corr  0.9088
| end of epoch  73 | time:  3.48s | train_loss 165.3874 | valid rse 0.0675 | valid rae 0.0448 | valid corr  0.9089
| end of epoch  74 | time:  3.63s | train_loss 164.2138 | valid rse 0.0628 | valid rae 0.0430 | valid corr  0.9099
| end of epoch  75 | time:  3.19s | train_loss 163.9650 | valid rse 0.0650 | valid rae 0.0452 | valid corr  0.9074
test rse 0.0992 | test rae 0.0551 | test corr 0.9075
| end of epoch  76 | time:  3.79s | train_loss 166.8443 | valid rse 0.0634 | valid rae 0.0435 | valid corr  0.9076
| end of epoch  77 | time:  3.45s | train_loss 163.8457 | valid rse 0.0631 | valid rae 0.0433 | valid corr  0.9087
| end of epoch  78 | time:  3.43s | train_loss 164.0707 | valid rse 0.0666 | valid rae 0.0460 | valid corr  0.9091
| end of epoch  79 | time:  3.82s | train_loss 162.8212 | valid rse 0.0644 | valid rae 0.0439 | valid corr  0.9081
| end of epoch  80 | time:  3.59s | train_loss 162.6656 | valid rse 0.0707 | valid rae 0.0457 | valid corr  0.9092
test rse 0.0999 | test rae 0.0550 | test corr 0.9090
| end of epoch  81 | time:  3.51s | train_loss 163.3642 | valid rse 0.0630 | valid rae 0.0428 | valid corr  0.9103
| end of epoch  82 | time:  3.59s | train_loss 162.6535 | valid rse 0.0637 | valid rae 0.0446 | valid corr  0.9091
| end of epoch  83 | time:  3.14s | train_loss 162.9579 | valid rse 0.0642 | valid rae 0.0436 | valid corr  0.9106
| end of epoch  84 | time:  3.45s | train_loss 161.4572 | valid rse 0.0686 | valid rae 0.0452 | valid corr  0.9082
| end of epoch  85 | time:  3.45s | train_loss 161.5023 | valid rse 0.0623 | valid rae 0.0438 | valid corr  0.9100
test rse 0.1006 | test rae 0.0539 | test corr 0.9128
| end of epoch  86 | time:  3.20s | train_loss 160.9883 | valid rse 0.0664 | valid rae 0.0443 | valid corr  0.9096
| end of epoch  87 | time:  3.83s | train_loss 161.2745 | valid rse 0.0646 | valid rae 0.0445 | valid corr  0.9084
| end of epoch  88 | time:  3.83s | train_loss 163.9237 | valid rse 0.0652 | valid rae 0.0441 | valid corr  0.9100
| end of epoch  89 | time:  3.37s | train_loss 161.5982 | valid rse 0.0717 | valid rae 0.0461 | valid corr  0.9086
| end of epoch  90 | time:  3.51s | train_loss 162.1139 | valid rse 0.0633 | valid rae 0.0441 | valid corr  0.9096
test rse 0.1022 | test rae 0.0542 | test corr 0.9124
| end of epoch  91 | time:  3.79s | train_loss 163.4143 | valid rse 0.0650 | valid rae 0.0443 | valid corr  0.9108
| end of epoch  92 | time:  3.73s | train_loss 162.0404 | valid rse 0.0679 | valid rae 0.0446 | valid corr  0.9102
| end of epoch  93 | time:  3.47s | train_loss 161.4648 | valid rse 0.0741 | valid rae 0.0464 | valid corr  0.9102
| end of epoch  94 | time:  3.69s | train_loss 162.7764 | valid rse 0.0644 | valid rae 0.0436 | valid corr  0.9109
| end of epoch  95 | time:  3.86s | train_loss 162.0550 | valid rse 0.0626 | valid rae 0.0429 | valid corr  0.9121
test rse 0.1011 | test rae 0.0540 | test corr 0.9145
| end of epoch  96 | time:  3.68s | train_loss 160.8917 | valid rse 0.0660 | valid rae 0.0453 | valid corr  0.9100
| end of epoch  97 | time:  3.58s | train_loss 160.9796 | valid rse 0.0665 | valid rae 0.0441 | valid corr  0.9098
| end of epoch  98 | time:  3.74s | train_loss 160.8887 | valid rse 0.0697 | valid rae 0.0478 | valid corr  0.9044
| end of epoch  99 | time:  3.80s | train_loss 161.8098 | valid rse 0.0655 | valid rae 0.0440 | valid corr  0.9106
| end of epoch 100 | time:  3.24s | train_loss 161.3796 | valid rse 0.0640 | valid rae 0.0432 | valid corr  0.9101
test rse 0.1124 | test rae 0.0574 | test corr 0.9042
test rse 0.0989 | test rae 0.0544 | test corr 0.9052
